{"category":"auth","context":{"info":42,"user":"alice"},"hostname":"Mac.lan","id":"be69315d-0d1c-4125-8bbd-a193bb5fbd47","level":"error","message":"Auth failed","pid":77070,"severity":"error","timestamp":"2025-04-22T08:20:55.609Z","version":"0.1.0"}
{"category":"api","context":{},"hostname":"Mac.lan","id":"00a6bd7d-2e55-47fe-9718-8dd14daf5334","level":"error","message":"API error","pid":77070,"severity":"warning","timestamp":"2025-04-22T08:20:55.611Z","version":"0.1.0"}
{"category":"system","context":{},"hostname":"Mac.lan","id":"2d9a8b5a-b208-4307-ab64-3c5e5d23de39","level":"error","message":"Sys","pid":77070,"severity":"info","timestamp":"2025-04-22T08:20:55.611Z","version":"0.1.0"}
{"category":"auth","context":{"info":42,"user":"alice"},"hostname":"Mac.lan","id":"79261901-0fe6-4cbd-b828-b79d7a0b8990","level":"error","message":"Auth failed","pid":77427,"severity":"error","timestamp":"2025-04-22T08:22:17.787Z","version":"0.1.0"}
{"context":{"foo":"bar"},"hostname":"Mac.lan","level":"info","message":"Test info","pid":77427,"timestamp":"2025-04-22T08:22:17.857Z","version":"0.1.0"}
{"category":"api","context":{},"hostname":"Mac.lan","id":"3d379677-9f56-4ed9-8c18-b9053049fa84","level":"error","message":"API error","pid":77427,"severity":"warning","timestamp":"2025-04-22T08:22:17.788Z","version":"0.1.0"}
{"category":"system","context":{},"hostname":"Mac.lan","id":"5b8bf08a-8dd9-4672-93ed-2ccb201dc277","level":"error","message":"Sys","pid":77427,"severity":"info","timestamp":"2025-04-22T08:22:17.790Z","version":"0.1.0"}
{"context":{"a":1},"hostname":"Mac.lan","level":"warn","message":"Test warn","pid":77427,"timestamp":"2025-04-22T08:22:17.861Z","version":"0.1.0"}
{"category":"test","context":{"foo":"bar"},"hostname":"Mac.lan","id":"123","level":"error","message":"fail","pid":77427,"severity":"error","timestamp":"2025-04-22T08:22:17.862Z","version":"0.1.0"}
{"hostname":"Mac.lan","level":"info","message":{"context":{"user":"alice"},"hostname":"Mac.lan","metric":"test_metric","pid":77427,"timestamp":"2025-04-22T08:22:22.866Z","type":"metric","value":42,"version":"0.1.0"},"pid":77427,"timestamp":"2025-04-22T08:22:22.866Z","version":"0.1.0"}
{"category":"auth","context":{"info":42,"user":"alice"},"hostname":"Mac.lan","id":"b1d4ee4b-a623-4ac9-a94c-67e4edfac829","level":"error","message":"Auth failed","pid":77629,"severity":"error","timestamp":"2025-04-22T08:22:52.104Z","version":"0.1.0"}
{"category":"api","context":{},"hostname":"Mac.lan","id":"314d35e6-29d7-4d9e-9615-abe5a9ada6ac","level":"error","message":"API error","pid":77629,"severity":"warning","timestamp":"2025-04-22T08:22:52.106Z","version":"0.1.0"}
{"category":"system","context":{},"hostname":"Mac.lan","id":"0a78ca76-58e9-4fb3-9f04-b2106ac15236","level":"error","message":"Sys","pid":77629,"severity":"info","timestamp":"2025-04-22T08:22:52.106Z","version":"0.1.0"}
{"context":{"foo":"bar"},"hostname":"Mac.lan","level":"info","message":"Test info","pid":77628,"timestamp":"2025-04-22T08:22:52.149Z","version":"0.1.0"}
{"context":{"a":1},"hostname":"Mac.lan","level":"warn","message":"Test warn","pid":77628,"timestamp":"2025-04-22T08:22:52.156Z","version":"0.1.0"}
{"category":"test","context":{"foo":"bar"},"hostname":"Mac.lan","id":"123","level":"error","message":"fail","pid":77628,"severity":"error","timestamp":"2025-04-22T08:22:52.157Z","version":"0.1.0"}
{"hostname":"Mac.lan","level":"info","message":{"context":{"user":"alice"},"hostname":"Mac.lan","metric":"test_metric","pid":77628,"timestamp":"2025-04-22T08:22:57.155Z","type":"metric","value":42,"version":"0.1.0"},"pid":77628,"timestamp":"2025-04-22T08:22:57.155Z","version":"0.1.0"}
{"category":"auth","context":{"info":42,"user":"alice"},"hostname":"Mac.lan","id":"57cc9ace-5e4b-4e1a-85fe-c340a86aec2b","level":"error","message":"Auth failed","pid":77867,"severity":"error","timestamp":"2025-04-22T08:23:50.754Z","version":"0.1.0"}
{"category":"api","context":{},"hostname":"Mac.lan","id":"b0bd10d8-70d1-4ef9-b397-442486a11b70","level":"error","message":"API error","pid":77867,"severity":"warning","timestamp":"2025-04-22T08:23:50.756Z","version":"0.1.0"}
{"category":"system","context":{},"hostname":"Mac.lan","id":"86f8dcfc-bced-46e7-b591-6e26684bd99b","level":"error","message":"Sys","pid":77867,"severity":"info","timestamp":"2025-04-22T08:23:50.756Z","version":"0.1.0"}
{"context":{"foo":"bar"},"hostname":"Mac.lan","level":"info","message":"Test info","pid":77866,"timestamp":"2025-04-22T08:23:50.799Z","version":"0.1.0"}
{"context":{"a":1},"hostname":"Mac.lan","level":"warn","message":"Test warn","pid":77866,"timestamp":"2025-04-22T08:24:00.810Z","version":"0.1.0"}
{"category":"test","context":{"foo":"bar"},"hostname":"Mac.lan","id":"123","level":"error","message":"fail","pid":77866,"severity":"error","timestamp":"2025-04-22T08:24:20.815Z","version":"0.1.0"}
{"hostname":"Mac.lan","level":"info","message":{"context":{"user":"alice"},"hostname":"Mac.lan","metric":"test_metric","pid":77866,"timestamp":"2025-04-22T08:24:30.818Z","type":"metric","value":42,"version":"0.1.0"},"pid":77866,"timestamp":"2025-04-22T08:24:30.818Z","version":"0.1.0"}
{"category":"auth","context":{"info":42,"user":"alice"},"hostname":"Mac.lan","id":"782c4771-7e0d-425a-aac2-99239a0cc5ff","level":"error","message":"Auth failed","pid":78298,"severity":"error","timestamp":"2025-04-22T08:25:27.502Z","version":"0.1.0"}
{"category":"api","context":{},"hostname":"Mac.lan","id":"caf37a60-7655-45fc-a442-e1a394318792","level":"error","message":"API error","pid":78298,"severity":"warning","timestamp":"2025-04-22T08:25:27.504Z","version":"0.1.0"}
{"category":"system","context":{},"hostname":"Mac.lan","id":"185e34f9-b700-4792-9e29-b1b780699a06","level":"error","message":"Sys","pid":78298,"severity":"info","timestamp":"2025-04-22T08:25:27.504Z","version":"0.1.0"}
{"context":{"foo":"bar"},"hostname":"Mac.lan","level":"info","message":"Test info","pid":78297,"timestamp":"2025-04-22T08:25:27.547Z","version":"0.1.0"}
{"context":{"a":1},"hostname":"Mac.lan","level":"warn","message":"Test warn","pid":78297,"timestamp":"2025-04-22T08:25:37.555Z","version":"0.1.0"}
{"category":"test","context":{"foo":"bar"},"hostname":"Mac.lan","id":"123","level":"error","message":"fail","pid":78297,"severity":"error","timestamp":"2025-04-22T08:25:57.561Z","version":"0.1.0"}
{"hostname":"Mac.lan","level":"info","message":{"context":{"user":"alice"},"hostname":"Mac.lan","metric":"test_metric","pid":78297,"timestamp":"2025-04-22T08:26:07.564Z","type":"metric","value":42,"version":"0.1.0"},"pid":78297,"timestamp":"2025-04-22T08:26:07.564Z","version":"0.1.0"}
{"category":"auth","context":{"info":42,"user":"alice"},"hostname":"Mac.lan","id":"7115ff10-f456-4dcc-9915-c9f675d63089","level":"error","message":"Auth failed","pid":83555,"severity":"error","timestamp":"2025-04-22T09:00:24.259Z","version":"0.1.0"}
{"category":"api","context":{},"hostname":"Mac.lan","id":"0381327c-c730-459c-8a03-f930b103055f","level":"error","message":"API error","pid":83555,"severity":"warning","timestamp":"2025-04-22T09:00:24.262Z","version":"0.1.0"}
{"category":"system","context":{},"hostname":"Mac.lan","id":"c2830b06-5c6a-4e0a-be46-6e44eeae439d","level":"error","message":"Sys","pid":83555,"severity":"info","timestamp":"2025-04-22T09:00:24.264Z","version":"0.1.0"}
{"category":"auth","context":{"info":42,"user":"alice"},"hostname":"Mac.lan","id":"4ce6fb28-0c15-4dc1-b21a-0a862df931d5","level":"error","message":"Auth failed","pid":83836,"severity":"error","timestamp":"2025-04-22T09:01:43.656Z","version":"0.1.0"}
{"category":"api","context":{},"hostname":"Mac.lan","id":"f5cb7c8a-73bd-44d5-b81f-4be3ba4027e1","level":"error","message":"API error","pid":83836,"severity":"warning","timestamp":"2025-04-22T09:01:43.658Z","version":"0.1.0"}
{"category":"system","context":{},"hostname":"Mac.lan","id":"4c9d1bd5-fa3c-4910-a812-2b333fbad110","level":"error","message":"Sys","pid":83836,"severity":"info","timestamp":"2025-04-22T09:01:43.658Z","version":"0.1.0"}
{"category":"auth","context":{"info":42,"user":"alice"},"hostname":"Mac.lan","id":"ab57d9a2-fba3-496e-8388-799496895ae7","level":"error","message":"Auth failed","pid":87166,"severity":"error","timestamp":"2025-04-22T09:25:08.977Z","version":"0.1.0"}
{"category":"api","context":{},"hostname":"Mac.lan","id":"a5dcb8fd-3d72-48e0-9843-7d7030df6b4e","level":"error","message":"API error","pid":87166,"severity":"warning","timestamp":"2025-04-22T09:25:08.978Z","version":"0.1.0"}
{"category":"system","context":{},"hostname":"Mac.lan","id":"3a11caa0-fd1f-45fb-9ac7-1fb4232701d5","level":"error","message":"Sys","pid":87166,"severity":"info","timestamp":"2025-04-22T09:25:08.979Z","version":"0.1.0"}
