{"category":"server","context":{},"hostname":"Mac.lan","level":"info","message":"Combined server running at http://localhost:3000","pid":49666,"timestamp":"2025-05-04T07:35:22.117Z","version":"0.1.0"}
{"category":"","context":{"ip":"::1"},"hostname":"Mac.lan","level":"info","message":"Request: GET /api/health","pid":49666,"timestamp":"2025-05-04T07:35:23.068Z","version":"0.1.0"}
{"category":"electron","context":{},"hostname":"Mac.lan","level":"info","message":"Using externally started server","pid":49703,"timestamp":"2025-05-04T07:35:26.192Z","version":"0.1.0"}
{"category":"electron","context":{},"hostname":"Mac.lan","level":"warn","message":"Tray setup returned null","pid":49703,"timestamp":"2025-05-04T07:35:27.309Z","version":"0.1.0"}
{"category":"","context":{"ip":"::1"},"hostname":"Mac.lan","level":"info","message":"Request: GET /","pid":49666,"timestamp":"2025-05-04T07:35:27.336Z","version":"0.1.0"}
{"category":"","context":{"ip":"::1"},"hostname":"Mac.lan","level":"info","message":"Request: GET /compiled/bundle.js","pid":49666,"timestamp":"2025-05-04T07:35:27.352Z","version":"0.1.0"}
{"category":"","context":{"ip":"::1"},"hostname":"Mac.lan","level":"info","message":"Request: GET /api/status","pid":49666,"timestamp":"2025-05-04T07:35:27.361Z","version":"0.1.0"}
{"category":"","context":{"ip":"::1"},"hostname":"Mac.lan","level":"info","message":"Request: GET /app.js","pid":49666,"timestamp":"2025-05-04T07:35:27.381Z","version":"0.1.0"}
{"category":"","context":{"ip":"::1"},"hostname":"Mac.lan","level":"info","message":"Request: GET /core/monitoring-service.cjs","pid":49666,"timestamp":"2025-05-04T07:35:27.384Z","version":"0.1.0"}
{"category":"","context":{"ip":"::1"},"hostname":"Mac.lan","level":"info","message":"Request: GET /core/error-service.cjs","pid":49666,"timestamp":"2025-05-04T07:35:27.385Z","version":"0.1.0"}
{"category":"","context":{"ip":"::1"},"hostname":"Mac.lan","level":"info","message":"Request: GET /components/LogViewer.js","pid":49666,"timestamp":"2025-05-04T07:35:27.388Z","version":"0.1.0"}
{"category":"","context":{"ip":"::1"},"hostname":"Mac.lan","level":"info","message":"Request: GET /check-connections.js","pid":49666,"timestamp":"2025-05-04T07:35:27.389Z","version":"0.1.0"}
{"category":"server","context":{},"hostname":"Mac.lan","level":"info","message":"Combined server running at http://localhost:3000","pid":50500,"timestamp":"2025-05-04T07:40:17.062Z","version":"0.1.0"}
{"category":"","context":{"ip":"::1"},"hostname":"Mac.lan","level":"info","message":"Request: GET /api/health","pid":50500,"timestamp":"2025-05-04T07:40:17.973Z","version":"0.1.0"}
{"category":"electron","context":{},"hostname":"Mac.lan","level":"info","message":"IPC handlers initialized successfully","pid":50533,"timestamp":"2025-05-04T07:40:18.682Z","version":"0.1.0"}
{"category":"electron","context":{},"hostname":"Mac.lan","level":"info","message":"Using externally started server","pid":50533,"timestamp":"2025-05-04T07:40:18.683Z","version":"0.1.0"}
{"category":"electron","context":{},"hostname":"Mac.lan","level":"warn","message":"Tray setup returned null","pid":50533,"timestamp":"2025-05-04T07:40:19.752Z","version":"0.1.0"}
{"category":"","context":{"ip":"::1"},"hostname":"Mac.lan","level":"info","message":"Request: GET /","pid":50500,"timestamp":"2025-05-04T07:40:19.766Z","version":"0.1.0"}
{"category":"","context":{"ip":"::1"},"hostname":"Mac.lan","level":"info","message":"Request: GET /compiled/bundle.js","pid":50500,"timestamp":"2025-05-04T07:40:19.783Z","version":"0.1.0"}
{"category":"","context":{"ip":"::1"},"hostname":"Mac.lan","level":"info","message":"Request: GET /api/status","pid":50500,"timestamp":"2025-05-04T07:40:19.791Z","version":"0.1.0"}
{"category":"","context":{"ip":"::1"},"hostname":"Mac.lan","level":"info","message":"Request: GET /app.js","pid":50500,"timestamp":"2025-05-04T07:40:19.810Z","version":"0.1.0"}
{"category":"","context":{"ip":"::1"},"hostname":"Mac.lan","level":"info","message":"Request: GET /components/LogViewer.js","pid":50500,"timestamp":"2025-05-04T07:40:19.816Z","version":"0.1.0"}
{"category":"","context":{"ip":"::1"},"hostname":"Mac.lan","level":"info","message":"Request: GET /check-connections.js","pid":50500,"timestamp":"2025-05-04T07:40:19.817Z","version":"0.1.0"}
{"category":"","context":{"ip":"::1"},"hostname":"Mac.lan","level":"info","message":"Request: GET /core/monitoring-service.cjs","pid":50500,"timestamp":"2025-05-04T07:40:19.817Z","version":"0.1.0"}
{"category":"","context":{"ip":"::1"},"hostname":"Mac.lan","level":"info","message":"Request: GET /core/error-service.cjs","pid":50500,"timestamp":"2025-05-04T07:40:19.818Z","version":"0.1.0"}
{"category":"electron","context":{},"hostname":"Mac.lan","level":"info","message":"All windows closed","pid":50533,"timestamp":"2025-05-04T07:40:28.819Z","version":"0.1.0"}
{"category":"electron","context":{},"hostname":"Mac.lan","level":"info","message":"Platform is macOS, not quitting on window close","pid":50533,"timestamp":"2025-05-04T07:40:28.820Z","version":"0.1.0"}
{"category":"server","context":{},"hostname":"Mac.lan","level":"info","message":"Stopping combined server...","pid":50500,"timestamp":"2025-05-04T07:41:06.603Z","version":"0.1.0"}
{"category":"server","context":{},"hostname":"Mac.lan","level":"info","message":"Combined server running at http://localhost:3000","pid":51392,"timestamp":"2025-05-04T07:45:30.693Z","version":"0.1.0"}
{"category":"","context":{"ip":"::1"},"hostname":"Mac.lan","level":"info","message":"Request: GET /api/health","pid":51392,"timestamp":"2025-05-04T07:45:31.608Z","version":"0.1.0"}
{"category":"electron","context":{},"hostname":"Mac.lan","level":"info","message":"IPC handlers initialized successfully","pid":51424,"timestamp":"2025-05-04T07:45:32.279Z","version":"0.1.0"}
{"category":"electron","context":{},"hostname":"Mac.lan","level":"info","message":"Using externally started server","pid":51424,"timestamp":"2025-05-04T07:45:32.280Z","version":"0.1.0"}
{"category":"electron","context":{},"hostname":"Mac.lan","level":"warn","message":"Tray setup returned null","pid":51424,"timestamp":"2025-05-04T07:45:33.342Z","version":"0.1.0"}
{"category":"","context":{"ip":"::1"},"hostname":"Mac.lan","level":"info","message":"Request: GET /","pid":51392,"timestamp":"2025-05-04T07:45:33.358Z","version":"0.1.0"}
{"category":"","context":{"ip":"::1"},"hostname":"Mac.lan","level":"info","message":"Request: GET /compiled/bundle.js","pid":51392,"timestamp":"2025-05-04T07:45:33.387Z","version":"0.1.0"}
{"category":"","context":{"ip":"::1"},"hostname":"Mac.lan","level":"info","message":"Request: GET /api/status","pid":51392,"timestamp":"2025-05-04T07:45:33.392Z","version":"0.1.0"}
{"category":"","context":{"ip":"::1"},"hostname":"Mac.lan","level":"info","message":"Request: GET /app.js","pid":51392,"timestamp":"2025-05-04T07:45:33.411Z","version":"0.1.0"}
{"category":"renderer","context":{"serviceName":"ipc-services"},"hostname":"Mac.lan","level":"info","message":"IPC services initialized","pid":51424,"timestamp":"2025-05-04T07:45:33.421Z","version":"0.1.0"}
{"category":"renderer","context":{"initialized":false},"hostname":"Mac.lan","level":"info","message":"Rendering application","pid":51424,"timestamp":"2025-05-04T07:45:33.422Z","version":"0.1.0"}
{"category":"renderer","context":{"dependenciesCount":3},"hostname":"Mac.lan","level":"info","message":"Waiting for dependencies to load","pid":51424,"timestamp":"2025-05-04T07:45:33.422Z","version":"0.1.0"}
{"category":"","context":{"ip":"::1"},"hostname":"Mac.lan","level":"info","message":"Request: GET /check-connections.js","pid":51392,"timestamp":"2025-05-04T07:45:33.422Z","version":"0.1.0"}
{"category":"","context":{"ip":"::1"},"hostname":"Mac.lan","level":"info","message":"Request: GET /components/LogViewer.js","pid":51392,"timestamp":"2025-05-04T07:45:33.423Z","version":"0.1.0"}
{"category":"renderer","context":{"moduleName":"check-connections.js"},"hostname":"Mac.lan","level":"info","message":"Loaded connection check module","pid":51424,"timestamp":"2025-05-04T07:45:33.424Z","version":"0.1.0"}
{"category":"renderer","context":{"componentName":"LogViewer.js"},"hostname":"Mac.lan","level":"info","message":"Loaded LogViewer component","pid":51424,"timestamp":"2025-05-04T07:45:33.427Z","version":"0.1.0"}
{"category":"renderer","context":{"dependenciesCount":3,"initialized":true},"hostname":"Mac.lan","level":"info","message":"All dependencies loaded successfully","pid":51424,"timestamp":"2025-05-04T07:45:33.427Z","version":"0.1.0"}
{"category":"","context":{"ip":"::1"},"hostname":"Mac.lan","level":"info","message":"Request: GET /api/status","pid":51392,"timestamp":"2025-05-04T07:45:34.456Z","version":"0.1.0"}
{"category":"renderer","context":{"hasStatus":true},"hostname":"Mac.lan","level":"info","message":"Rendering dashboard","pid":51424,"timestamp":"2025-05-04T07:45:35.053Z","version":"0.1.0"}
{"category":"renderer","context":{"hasUserInfo":false,"status":"red"},"hostname":"Mac.lan","level":"info","message":"Using status for dashboard","pid":51424,"timestamp":"2025-05-04T07:45:35.054Z","version":"0.1.0"}
{"category":"renderer","context":{},"hostname":"Mac.lan","level":"info","message":"Added connection check buttons","pid":51424,"timestamp":"2025-05-04T07:45:35.055Z","version":"0.1.0"}
{"category":"renderer","context":{"apiEndpoint":"/api/v1/logs","componentName":"LogViewer"},"hostname":"Mac.lan","level":"info","message":"Initialized log viewer component","pid":51424,"timestamp":"2025-05-04T07:45:35.057Z","version":"0.1.0"}
{"hostname":"Mac.lan","level":"info","message":{"context":{"status":"red"},"hostname":"Mac.lan","metric":"dashboard_render_time","pid":51424,"timestamp":"2025-05-04T07:45:35.058Z","type":"metric","value":4.699999928474426,"version":"0.1.0"},"pid":51424,"timestamp":"2025-05-04T07:45:35.058Z","version":"0.1.0"}
{"hostname":"Mac.lan","level":"info","message":{"context":{"endpoint":"/api/status"},"hostname":"Mac.lan","metric":"api_status_fetch_time","pid":51424,"timestamp":"2025-05-04T07:45:35.058Z","type":"metric","value":1632.8999999761581,"version":"0.1.0"},"pid":51424,"timestamp":"2025-05-04T07:45:35.058Z","version":"0.1.0"}
{"category":"api","context":{"status":"red"},"hostname":"Mac.lan","level":"info","message":"Successfully fetched status","pid":51424,"timestamp":"2025-05-04T07:45:35.058Z","version":"0.1.0"}
{"hostname":"Mac.lan","level":"info","message":{"context":{"hasStatus":true,"initialized":true},"hostname":"Mac.lan","metric":"render_time","pid":51424,"timestamp":"2025-05-04T07:45:35.058Z","type":"metric","value":1644.3999999761581,"version":"0.1.0"},"pid":51424,"timestamp":"2025-05-04T07:45:35.059Z","version":"0.1.0"}
{"category":"renderer","context":{"hasStatus":true,"renderTime":1644.3999999761581},"hostname":"Mac.lan","level":"info","message":"Initial render complete","pid":51424,"timestamp":"2025-05-04T07:45:35.059Z","version":"0.1.0"}
{"category":"","context":{"ip":"::1"},"hostname":"Mac.lan","level":"info","message":"Request: GET /api/v1/logs?limit=100","pid":51392,"timestamp":"2025-05-04T07:45:35.067Z","version":"0.1.0"}
{"category":"","context":{"ip":"::1"},"hostname":"Mac.lan","level":"info","message":"Request: GET /api/v1/logs?limit=100","pid":51392,"timestamp":"2025-05-04T07:45:40.066Z","version":"0.1.0"}
{"category":"","context":{"ip":"::1"},"hostname":"Mac.lan","level":"info","message":"Request: GET /api/v1/logs?limit=100","pid":51392,"timestamp":"2025-05-04T07:45:45.066Z","version":"0.1.0"}
{"category":"","context":{"ip":"::1"},"hostname":"Mac.lan","level":"info","message":"Request: GET /api/v1/logs?limit=100","pid":51392,"timestamp":"2025-05-04T07:45:50.063Z","version":"0.1.0"}
{"category":"","context":{"ip":"::1"},"hostname":"Mac.lan","level":"info","message":"Request: GET /api/auth/login","pid":51392,"timestamp":"2025-05-04T07:45:54.204Z","version":"0.1.0"}
{"category":"","context":{"ip":"::1"},"hostname":"Mac.lan","level":"info","message":"Request: GET /api/auth/callback?code=1.AU8A1z3P-pJQ4kK-phogHVi49pQpm2wfsWJKg6IhkhDMknw5AQBPAA.AgABBAIAAABVrSpeuWamRam2jAF1XRQEAwDs_wUA9P_hZKlKZTdupFF_RyXq88FGsieOnUxj5rjCzT2EGIEXQCQy-jqL-IJ6q8u57wZAbsbkhtnW6NY2lBN1Op4UzZJHw7PvgMxPMWc0NwCFt3UctflWGCdZ7nPqpajYzHY0Kw7UKnjDUUXUEvCW5Q1bku8AkTCWsxTZLtR1ZPU84R3-4QGU1oICJZw1g5nfG49gaJcoBmsvXqcYpij0ZjObbcLaUItASpdhw5rI01E71z94weII1JC4Z7YmBsOGG17LADvaEA4v2VYon6FTitVZRrsuejVFnk7nThBGarXfyXTSUkCe12gaDD1_Ab7RjMJsx9u1I0dGZ33pKznHIya_I4sHV1xZbM2U9JQa0xmq2OMv_CCzs-fjhs64ezO5_JftaQNb0LhMTSJjt3wIjHmAZYrFJr6fMbhZElId_kJaEcEFBRWaPZkvpoRt5V8SXgwR76iV9a_zsCC3dUoATb0FaocohwzvywZyhU8HdalBQs-aSVHTCb7U5qV5FDoo2fTqCh3vhn3G2qIdNIf8nHRo3u7wvyPfyS4v5FYyyGh45_QJEiFqJFe7ocPNpTK5Mliz_0qKkBUbvHZpuaGrjqUbs25MX9OWog7SzTDuo9YKPLirz06oVy-PNzR2qt3WrK9ja0Ykis6AhgBB-HuXgN0vuHaTDG7aAuBH-3yN2BAAoI8tghw_1TC-Wlmjypb8B-0BBSUY2Aq3kTtaFoNKo8Rd9vWEwJ4dtJefC50hY9IJl-08G1Y0kmexR_txpLwTBakw64ui81KTHEOIlSjrQ0TENTd5il7-ua1Az2kaB7o1uhGEcKQNWhm8_wp9wicoR96BskfcbIh0MMdfM30a45egqtXyHJBCanKy6fKq59THMTbfGaGg_Jfky96kE49VAlERkKcrS8irKtDPSA&client_info=eyJ1aWQiOiIwYTZkOTQ2MC01Mjc1LTQ0ZTktYmEwYi1iOWNiMWJlNTRiM2UiLCJ1dGlkIjoiZmFjZjNkZDctNTA5Mi00MmUyLWJlYTYtMWEyMDFkNThiOGY2In0&session_state=004cef69-9207-cb90-c35b-cd06529083eb","pid":51392,"timestamp":"2025-05-04T07:46:03.242Z","version":"0.1.0"}
{"category":"","context":{"ip":"::1"},"hostname":"Mac.lan","level":"info","message":"Request: GET /","pid":51392,"timestamp":"2025-05-04T07:46:03.551Z","version":"0.1.0"}
{"category":"","context":{"ip":"::1"},"hostname":"Mac.lan","level":"info","message":"Request: GET /compiled/bundle.js","pid":51392,"timestamp":"2025-05-04T07:46:03.606Z","version":"0.1.0"}
{"category":"","context":{"ip":"::1"},"hostname":"Mac.lan","level":"info","message":"Request: GET /app.js","pid":51392,"timestamp":"2025-05-04T07:46:03.616Z","version":"0.1.0"}
{"category":"","context":{"ip":"::1"},"hostname":"Mac.lan","level":"info","message":"Request: GET /api/status","pid":51392,"timestamp":"2025-05-04T07:46:03.617Z","version":"0.1.0"}
{"category":"renderer","context":{"serviceName":"ipc-services"},"hostname":"Mac.lan","level":"info","message":"IPC services initialized","pid":51424,"timestamp":"2025-05-04T07:46:03.618Z","version":"0.1.0"}
{"category":"renderer","context":{"initialized":false},"hostname":"Mac.lan","level":"info","message":"Rendering application","pid":51424,"timestamp":"2025-05-04T07:46:03.618Z","version":"0.1.0"}
{"category":"renderer","context":{"dependenciesCount":3},"hostname":"Mac.lan","level":"info","message":"Waiting for dependencies to load","pid":51424,"timestamp":"2025-05-04T07:46:03.618Z","version":"0.1.0"}
{"category":"","context":{"ip":"::1"},"hostname":"Mac.lan","level":"info","message":"Request: GET /components/LogViewer.js","pid":51392,"timestamp":"2025-05-04T07:46:03.618Z","version":"0.1.0"}
{"category":"","context":{"ip":"::1"},"hostname":"Mac.lan","level":"info","message":"Request: GET /check-connections.js","pid":51392,"timestamp":"2025-05-04T07:46:03.619Z","version":"0.1.0"}
{"category":"renderer","context":{"componentName":"LogViewer.js"},"hostname":"Mac.lan","level":"info","message":"Loaded LogViewer component","pid":51424,"timestamp":"2025-05-04T07:46:03.619Z","version":"0.1.0"}
{"category":"renderer","context":{"moduleName":"check-connections.js"},"hostname":"Mac.lan","level":"info","message":"Loaded connection check module","pid":51424,"timestamp":"2025-05-04T07:46:03.622Z","version":"0.1.0"}
{"category":"renderer","context":{"dependenciesCount":3,"initialized":true},"hostname":"Mac.lan","level":"info","message":"All dependencies loaded successfully","pid":51424,"timestamp":"2025-05-04T07:46:03.622Z","version":"0.1.0"}
{"category":"","context":{"ip":"::1"},"hostname":"Mac.lan","level":"info","message":"Request: GET /api/status","pid":51392,"timestamp":"2025-05-04T07:46:04.723Z","version":"0.1.0"}
{"category":"","context":{"ip":"::1"},"hostname":"Mac.lan","level":"info","message":"Request: GET /api/v1/logs","pid":51392,"timestamp":"2025-05-04T07:46:05.243Z","version":"0.1.0"}
{"category":"renderer","context":{"hasStatus":true},"hostname":"Mac.lan","level":"info","message":"Rendering dashboard","pid":51424,"timestamp":"2025-05-04T07:46:05.686Z","version":"0.1.0"}
{"category":"renderer","context":{"hasUserInfo":true,"status":"green"},"hostname":"Mac.lan","level":"info","message":"Using status for dashboard","pid":51424,"timestamp":"2025-05-04T07:46:05.687Z","version":"0.1.0"}
{"category":"renderer","context":{},"hostname":"Mac.lan","level":"info","message":"Added connection check buttons","pid":51424,"timestamp":"2025-05-04T07:46:05.688Z","version":"0.1.0"}
{"category":"renderer","context":{"apiEndpoint":"/api/v1/logs","componentName":"LogViewer"},"hostname":"Mac.lan","level":"info","message":"Initialized log viewer component","pid":51424,"timestamp":"2025-05-04T07:46:05.689Z","version":"0.1.0"}
{"hostname":"Mac.lan","level":"info","message":{"context":{"status":"green"},"hostname":"Mac.lan","metric":"dashboard_render_time","pid":51424,"timestamp":"2025-05-04T07:46:05.690Z","type":"metric","value":3.8000000715255737,"version":"0.1.0"},"pid":51424,"timestamp":"2025-05-04T07:46:05.690Z","version":"0.1.0"}
{"hostname":"Mac.lan","level":"info","message":{"context":{"endpoint":"/api/status"},"hostname":"Mac.lan","metric":"api_status_fetch_time","pid":51424,"timestamp":"2025-05-04T07:46:05.690Z","type":"metric","value":2070,"version":"0.1.0"},"pid":51424,"timestamp":"2025-05-04T07:46:05.690Z","version":"0.1.0"}
{"category":"api","context":{"status":"green"},"hostname":"Mac.lan","level":"info","message":"Successfully fetched status","pid":51424,"timestamp":"2025-05-04T07:46:05.690Z","version":"0.1.0"}
{"hostname":"Mac.lan","level":"info","message":{"context":{"hasStatus":true,"initialized":true},"hostname":"Mac.lan","metric":"render_time","pid":51424,"timestamp":"2025-05-04T07:46:05.690Z","type":"metric","value":2072.1999999284744,"version":"0.1.0"},"pid":51424,"timestamp":"2025-05-04T07:46:05.691Z","version":"0.1.0"}
{"category":"renderer","context":{"hasStatus":true,"renderTime":2072.1999999284744},"hostname":"Mac.lan","level":"info","message":"Initial render complete","pid":51424,"timestamp":"2025-05-04T07:46:05.691Z","version":"0.1.0"}
{"category":"","context":{"ip":"::1"},"hostname":"Mac.lan","level":"info","message":"Request: GET /api/v1/logs?limit=100","pid":51392,"timestamp":"2025-05-04T07:46:05.691Z","version":"0.1.0"}
{"category":"","context":{"ip":"::1"},"hostname":"Mac.lan","level":"info","message":"Request: GET /api/v1/logs","pid":51392,"timestamp":"2025-05-04T07:46:10.234Z","version":"0.1.0"}
{"category":"","context":{"ip":"::1"},"hostname":"Mac.lan","level":"info","message":"Request: GET /api/v1/logs?limit=100","pid":51392,"timestamp":"2025-05-04T07:46:10.697Z","version":"0.1.0"}
{"category":"","context":{"ip":"::1"},"hostname":"Mac.lan","level":"info","message":"Request: GET /api/v1/logs","pid":51392,"timestamp":"2025-05-04T07:46:15.238Z","version":"0.1.0"}
{"category":"","context":{"ip":"::1"},"hostname":"Mac.lan","level":"info","message":"Request: GET /api/v1/logs?limit=100","pid":51392,"timestamp":"2025-05-04T07:46:15.695Z","version":"0.1.0"}
{"category":"","context":{"ip":"::1"},"hostname":"Mac.lan","level":"info","message":"Request: GET /api/v1/logs","pid":51392,"timestamp":"2025-05-04T07:46:20.238Z","version":"0.1.0"}
{"category":"","context":{"ip":"::1"},"hostname":"Mac.lan","level":"info","message":"Request: GET /api/v1/logs?limit=100","pid":51392,"timestamp":"2025-05-04T07:46:20.699Z","version":"0.1.0"}
{"category":"","context":{"ip":"::1"},"hostname":"Mac.lan","level":"info","message":"Request: GET /api/v1/logs?level=error&limit=100","pid":51392,"timestamp":"2025-05-04T07:46:21.649Z","version":"0.1.0"}
{"category":"","context":{"ip":"::1"},"hostname":"Mac.lan","level":"info","message":"Request: GET /api/v1/logs?limit=100","pid":51392,"timestamp":"2025-05-04T07:46:24.098Z","version":"0.1.0"}
{"category":"","context":{"ip":"::1"},"hostname":"Mac.lan","level":"info","message":"Request: GET /api/v1/logs","pid":51392,"timestamp":"2025-05-04T07:46:25.236Z","version":"0.1.0"}
{"category":"","context":{"ip":"::1"},"hostname":"Mac.lan","level":"info","message":"Request: GET /api/v1/logs?limit=100","pid":51392,"timestamp":"2025-05-04T07:46:25.693Z","version":"0.1.0"}
{"category":"","context":{"ip":"::1"},"hostname":"Mac.lan","level":"info","message":"Request: GET /api/v1/logs","pid":51392,"timestamp":"2025-05-04T07:46:30.233Z","version":"0.1.0"}
{"category":"","context":{"ip":"::1"},"hostname":"Mac.lan","level":"info","message":"Request: GET /api/v1/logs?limit=100","pid":51392,"timestamp":"2025-05-04T07:46:30.698Z","version":"0.1.0"}
{"category":"electron","context":{},"hostname":"Mac.lan","level":"info","message":"All windows closed","pid":51424,"timestamp":"2025-05-04T07:46:31.411Z","version":"0.1.0"}
{"category":"electron","context":{},"hostname":"Mac.lan","level":"info","message":"Platform is macOS, not quitting on window close","pid":51424,"timestamp":"2025-05-04T07:46:31.412Z","version":"0.1.0"}
{"category":"electron","context":{},"hostname":"Mac.lan","level":"info","message":"App activated","pid":51424,"timestamp":"2025-05-04T07:46:43.635Z","version":"0.1.0"}
{"category":"electron","context":{},"hostname":"Mac.lan","level":"info","message":"Creating new main window on activate","pid":51424,"timestamp":"2025-05-04T07:46:43.635Z","version":"0.1.0"}
{"category":"","context":{"ip":"::1"},"hostname":"Mac.lan","level":"info","message":"Request: GET /","pid":51392,"timestamp":"2025-05-04T07:46:43.650Z","version":"0.1.0"}
{"category":"","context":{"ip":"::1"},"hostname":"Mac.lan","level":"info","message":"Request: GET /compiled/bundle.js","pid":51392,"timestamp":"2025-05-04T07:46:43.684Z","version":"0.1.0"}
{"category":"","context":{"ip":"::1"},"hostname":"Mac.lan","level":"info","message":"Request: GET /api/status","pid":51392,"timestamp":"2025-05-04T07:46:43.692Z","version":"0.1.0"}
{"category":"","context":{"ip":"::1"},"hostname":"Mac.lan","level":"info","message":"Request: GET /app.js","pid":51392,"timestamp":"2025-05-04T07:46:43.694Z","version":"0.1.0"}
{"category":"renderer","context":{"serviceName":"ipc-services"},"hostname":"Mac.lan","level":"info","message":"IPC services initialized","pid":51424,"timestamp":"2025-05-04T07:46:43.696Z","version":"0.1.0"}
{"category":"renderer","context":{"initialized":false},"hostname":"Mac.lan","level":"info","message":"Rendering application","pid":51424,"timestamp":"2025-05-04T07:46:43.696Z","version":"0.1.0"}
{"category":"renderer","context":{"dependenciesCount":3},"hostname":"Mac.lan","level":"info","message":"Waiting for dependencies to load","pid":51424,"timestamp":"2025-05-04T07:46:43.696Z","version":"0.1.0"}
{"category":"","context":{"ip":"::1"},"hostname":"Mac.lan","level":"info","message":"Request: GET /check-connections.js","pid":51392,"timestamp":"2025-05-04T07:46:43.696Z","version":"0.1.0"}
{"category":"","context":{"ip":"::1"},"hostname":"Mac.lan","level":"info","message":"Request: GET /components/LogViewer.js","pid":51392,"timestamp":"2025-05-04T07:46:43.697Z","version":"0.1.0"}
{"category":"renderer","context":{"moduleName":"check-connections.js"},"hostname":"Mac.lan","level":"info","message":"Loaded connection check module","pid":51424,"timestamp":"2025-05-04T07:46:43.697Z","version":"0.1.0"}
{"category":"renderer","context":{"componentName":"LogViewer.js"},"hostname":"Mac.lan","level":"info","message":"Loaded LogViewer component","pid":51424,"timestamp":"2025-05-04T07:46:43.698Z","version":"0.1.0"}
{"category":"renderer","context":{"dependenciesCount":3,"initialized":true},"hostname":"Mac.lan","level":"info","message":"All dependencies loaded successfully","pid":51424,"timestamp":"2025-05-04T07:46:43.698Z","version":"0.1.0"}
{"category":"","context":{"ip":"::1"},"hostname":"Mac.lan","level":"info","message":"Request: GET /api/status","pid":51392,"timestamp":"2025-05-04T07:46:44.563Z","version":"0.1.0"}
{"category":"","context":{"ip":"::1"},"hostname":"Mac.lan","level":"info","message":"Request: GET /api/v1/logs","pid":51392,"timestamp":"2025-05-04T07:46:45.071Z","version":"0.1.0"}
{"category":"renderer","context":{"hasStatus":true},"hostname":"Mac.lan","level":"info","message":"Rendering dashboard","pid":51424,"timestamp":"2025-05-04T07:46:45.315Z","version":"0.1.0"}
{"category":"renderer","context":{"hasUserInfo":true,"status":"green"},"hostname":"Mac.lan","level":"info","message":"Using status for dashboard","pid":51424,"timestamp":"2025-05-04T07:46:45.316Z","version":"0.1.0"}
{"category":"renderer","context":{},"hostname":"Mac.lan","level":"info","message":"Added connection check buttons","pid":51424,"timestamp":"2025-05-04T07:46:45.317Z","version":"0.1.0"}
{"category":"renderer","context":{"apiEndpoint":"/api/v1/logs","componentName":"LogViewer"},"hostname":"Mac.lan","level":"info","message":"Initialized log viewer component","pid":51424,"timestamp":"2025-05-04T07:46:45.318Z","version":"0.1.0"}
{"hostname":"Mac.lan","level":"info","message":{"context":{"status":"green"},"hostname":"Mac.lan","metric":"dashboard_render_time","pid":51424,"timestamp":"2025-05-04T07:46:45.318Z","type":"metric","value":2.399999976158142,"version":"0.1.0"},"pid":51424,"timestamp":"2025-05-04T07:46:45.318Z","version":"0.1.0"}
{"hostname":"Mac.lan","level":"info","message":{"context":{"endpoint":"/api/status"},"hostname":"Mac.lan","metric":"api_status_fetch_time","pid":51424,"timestamp":"2025-05-04T07:46:45.318Z","type":"metric","value":1619.9000000953674,"version":"0.1.0"},"pid":51424,"timestamp":"2025-05-04T07:46:45.318Z","version":"0.1.0"}
{"category":"api","context":{"status":"green"},"hostname":"Mac.lan","level":"info","message":"Successfully fetched status","pid":51424,"timestamp":"2025-05-04T07:46:45.318Z","version":"0.1.0"}
{"hostname":"Mac.lan","level":"info","message":{"context":{"hasStatus":true,"initialized":true},"hostname":"Mac.lan","metric":"render_time","pid":51424,"timestamp":"2025-05-04T07:46:45.318Z","type":"metric","value":1622.3999999761581,"version":"0.1.0"},"pid":51424,"timestamp":"2025-05-04T07:46:45.319Z","version":"0.1.0"}
{"category":"renderer","context":{"hasStatus":true,"renderTime":1622.3999999761581},"hostname":"Mac.lan","level":"info","message":"Initial render complete","pid":51424,"timestamp":"2025-05-04T07:46:45.319Z","version":"0.1.0"}
{"category":"","context":{"ip":"::1"},"hostname":"Mac.lan","level":"info","message":"Request: GET /api/v1/logs?limit=100","pid":51392,"timestamp":"2025-05-04T07:46:45.320Z","version":"0.1.0"}
